<?xml version="1.0" encoding="UTF-8"?>
<testsuite xmlns:xsi="http://www.w3.org/2001/XMLSchema-instance" xsi:noNamespaceSchemaLocation="https://maven.apache.org/surefire/maven-surefire-plugin/xsd/surefire-test-report-3.0.xsd" version="3.0" name="TestSuite" time="27.353" tests="1" errors="0" skipped="0" failures="0">
  <properties>
[...]
</properties>
  <testcase name="VerifyItemsToCheckout" classname="tests.ScenarioOne" time="16.518">
    <system-out><![CDATA[ChromeDriver: chrome on WINDOWS (7fd4a0e615a5dc7630183d3f3cc0d2c4)
[INFO ] 2021-07-15 01:03:45.509 [TestNG-tests-1] ScenarioOne - Open and Verify Hope Page
[INFO ] 2021-07-15 01:03:47.885 [TestNG-tests-1] ScenarioOne - OpenAndVerifyHomePage
[INFO ] 2021-07-15 01:03:47.885 [TestNG-tests-1] ScenarioOne - Search For items above 1.5 years
[INFO ] 2021-07-15 01:03:57.768 [TestNG-tests-1] ScenarioOne - Select Items and go to Cart
[INFO ] 2021-07-15 01:03:59.241 [TestNG-tests-1] ScenarioOne - Verify Checkout page
[INFO ] 2021-07-15 01:04:00.342 [TestNG-tests-1] ScenarioOne - Navigate To Payment
]]></system-out>
    <system-err><![CDATA[Starting ChromeDriver 91.0.4472.101 (af52a90bf87030dd1523486a1cd3ae25c5d76c9b-refs/branch-heads/4472@{#1462}) on port 9265
Only local connections are allowed.
Please see https://chromedriver.chromium.org/security-considerations for suggestions on keeping ChromeDriver safe.
ChromeDriver was started successfully.
Jul 15, 2021 1:03:38 AM org.openqa.selenium.remote.ProtocolHandshake createSession
INFO: Detected dialect: W3C
]]></system-err>
  </testcase>
</testsuite>